2023-01-24 15:38:55 +0000  Initial pipeline context: <IDEDistributionProcessingPipelineContext: 0x2b9d04080; archive(resolved)="<IDEArchive: 0x6000b754e160>", distributionTask(resolved)="2", distributionDestination(resolved)="2", distributionMethod(resolved)="<IDEDistributionMethodiOSAppStoreDistribution: 0x60003d2fc7b0>", team(resolved)="<IDEProvisioningDisambiguatableBasicTeam: 0x600004a85fc0; teamID='SNS7FK52T7', teamName='ayoung won', teamType='Individual', username='wayinwayne.dev@gmail.com', isFreeProvisioningTeam='0'>">
	Chain (16, self inclusive):
	<IDEDistributionProcessingPipelineContext: 0x2b9d04080; archive = "<IDEArchive: 0x6000b754e160>", distributionMethod="<IDEDistributionMethodiOSAppStoreDistribution: 0x60003d2fc7b0>", team="<IDEProvisioningDisambiguatableBasicTeam: 0x600004a85fc0; teamID='SNS7FK52T7', teamName='ayoung won', teamType='Individual', username='wayinwayne.dev@gmail.com', isFreeProvisioningTeam='0'>">
	<IDEDistributionProcessingPipelineContext: 0x2b84997c0; archive = "<IDEArchive: 0x6000b754e160>", distributionMethod="<IDEDistributionMethodiOSAppStoreDistribution: 0x60003d2fc7b0>", team="<IDEProvisioningDisambiguatableBasicTeam: 0x600004a85fc0; teamID='SNS7FK52T7', teamName='ayoung won', teamType='Individual', username='wayinwayne.dev@gmail.com', isFreeProvisioningTeam='0'>">
	<IDEDistributionContext: 0x2bc998060; archive = "<IDEArchive: 0x6000b754e160>", distributionMethod="<IDEDistributionMethodiOSAppStoreDistribution: 0x60003d2fc7b0>", team="<IDEProvisioningDisambiguatableBasicTeam: 0x600004a85fc0; teamID='SNS7FK52T7', teamName='ayoung won', teamType='Individual', username='wayinwayne.dev@gmail.com', isFreeProvisioningTeam='0'>">
	<IDEDistributionContext: 0x2e7411720; archive = "<IDEArchive: 0x6000b754e160>", distributionMethod="<IDEDistributionMethodiOSAppStoreDistribution: 0x60003d2fc7b0>", team="<IDEProvisioningDisambiguatableBasicTeam: 0x600004a85fc0; teamID='SNS7FK52T7', teamName='ayoung won', teamType='Individual', username='wayinwayne.dev@gmail.com', isFreeProvisioningTeam='0'>">
	<IDEDistributionContext: 0x2ea53a5b0; archive = "<IDEArchive: 0x6000b754e160>", distributionMethod="<IDEDistributionMethodiOSAppStoreDistribution: 0x60003d2fc7b0>", team="<IDEProvisioningDisambiguatableBasicTeam: 0x600004a85fc0; teamID='SNS7FK52T7', teamName='ayoung won', teamType='Individual', username='wayinwayne.dev@gmail.com', isFreeProvisioningTeam='0'>">
	<IDEDistributionContext: 0x2e47826a0; archive = "<IDEArchive: 0x6000b754e160>", distributionMethod="<IDEDistributionMethodiOSAppStoreDistribution: 0x60003d2fc7b0>", team="<IDEProvisioningDisambiguatableBasicTeam: 0x600004a85fc0; teamID='SNS7FK52T7', teamName='ayoung won', teamType='Individual', username='wayinwayne.dev@gmail.com', isFreeProvisioningTeam='0'>">
	<IDEDistributionContext: 0x2e740cd30; archive = "<IDEArchive: 0x6000b754e160>", distributionMethod="<IDEDistributionMethodiOSAppStoreDistribution: 0x60003d2fc7b0>", team="<IDEProvisioningDisambiguatableBasicTeam: 0x600004a85fc0; teamID='SNS7FK52T7', teamName='ayoung won', teamType='Individual', username='wayinwayne.dev@gmail.com', isFreeProvisioningTeam='0'>">
	<IDEDistributionContext: 0x2e694d7a0; archive = "<IDEArchive: 0x6000b754e160>", distributionMethod="<IDEDistributionMethodiOSAppStoreDistribution: 0x60003d2fc7b0>", team="<IDEProvisioningDisambiguatableBasicTeam: 0x600004a85fc0; teamID='SNS7FK52T7', teamName='ayoung won', teamType='Individual', username='wayinwayne.dev@gmail.com', isFreeProvisioningTeam='0'>">
	<IDEDistributionContext: 0x2ed64e780; archive = "<IDEArchive: 0x6000b754e160>", distributionMethod="<IDEDistributionMethodiOSAppStoreDistribution: 0x60003d2fc7b0>", team="<IDEProvisioningDisambiguatableBasicTeam: 0x600004a85fc0; teamID='SNS7FK52T7', teamName='ayoung won', teamType='Individual', username='wayinwayne.dev@gmail.com', isFreeProvisioningTeam='0'>">
	<IDEDistributionContext: 0x2e740dd60; archive = "<IDEArchive: 0x6000b754e160>", distributionMethod="<IDEDistributionMethodiOSAppStoreDistribution: 0x60003d2fc7b0>", team="<IDEProvisioningDisambiguatableBasicTeam: 0x600004a85fc0; teamID='SNS7FK52T7', teamName='ayoung won', teamType='Individual', username='wayinwayne.dev@gmail.com', isFreeProvisioningTeam='0'>">
	<IDEDistributionContext: 0x2e2437fc0; archive = "<IDEArchive: 0x6000b754e160>", distributionMethod="<IDEDistributionMethodiOSAppStoreDistribution: 0x60003d2fc7b0>", team="<IDEProvisioningDisambiguatableBasicTeam: 0x600004a85fc0; teamID='SNS7FK52T7', teamName='ayoung won', teamType='Individual', username='wayinwayne.dev@gmail.com', isFreeProvisioningTeam='0'>">
	<IDEDistributionContext: 0x2ec7c40b0; archive = "<IDEArchive: 0x6000b754e160>", distributionMethod="<IDEDistributionMethodiOSAppStoreDistribution: 0x60003d2fc7b0>", team="<IDEProvisioningDisambiguatableBasicTeam: 0x600004a85fc0; teamID='SNS7FK52T7', teamName='ayoung won', teamType='Individual', username='wayinwayne.dev@gmail.com', isFreeProvisioningTeam='0'>">
	<IDEDistributionContext: 0x2e71a02a0; archive = "<IDEArchive: 0x6000b754e160>", distributionMethod="<IDEDistributionMethodiOSAppStoreDistribution: 0x60003d2fc7b0>", team="<IDEProvisioningDisambiguatableBasicTeam: 0x600004a85fc0; teamID='SNS7FK52T7', teamName='ayoung won', teamType='Individual', username='wayinwayne.dev@gmail.com', isFreeProvisioningTeam='0'>">
	<IDEDistributionContext: 0x2e7191720; archive = "<IDEArchive: 0x6000b754e160>", distributionMethod="<IDEDistributionMethodiOSAppStoreDistribution: 0x60003d2fc7b0>", team="(null)">
	<IDEDistributionContext: 0x2e7196eb0; archive = "<IDEArchive: 0x6000b754e160>", distributionMethod="<IDEDistributionMethodiOSAppStoreDistribution: 0x60003d2fc7b0>", team="(null)">
	<IDEDistributionContext: 0x2ec79a660; archive = "<IDEArchive: 0x6000b754e160>", distributionMethod="(null)", team="(null)">
</IDEDistributionProcessingPipelineContext: 0x2b9d04080>
2023-01-24 15:38:55 +0000  Processing step: IDEDistributionCreateDestRootStep
2023-01-24 15:38:55 +0000  Processing step: IDEDistributionCopyItemStep
2023-01-24 15:38:55 +0000  Running /usr/bin/ditto '-V' '/Users/wayne/Library/Developer/Xcode/Archives/2023-01-25/okr 2023-01-25 12.38 AM.xcarchive/Products/Applications/Flag.app' '/var/folders/63/c337pg8x1dq7tc5vk29wbcmc0000gn/T/XcodeDistPipeline.~~~Ogc4zp/Root/Payload/Flag.app'
2023-01-24 15:38:55 +0000  >>> Copying /Users/wayne/Library/Developer/Xcode/Archives/2023-01-25/okr 2023-01-25 12.38 AM.xcarchive/Products/Applications/Flag.app 
2023-01-24 15:38:55 +0000  copying file ./_CodeSignature/CodeResources ... 
2023-01-24 15:38:55 +0000  31108 bytes for ./_CodeSignature/CodeResources
2023-01-24 15:38:55 +0000  copying file ./Flag ... 
2023-01-24 15:38:55 +0000  4458848 bytes for ./Flag
2023-01-24 15:38:55 +0000  copying file ./Pretendard-Medium.ttf ... 
2023-01-24 15:38:55 +0000  2712356 bytes for ./Pretendard-Medium.ttf
2023-01-24 15:38:55 +0000  copying file ./Pretendard-Black.ttf ... 
2023-01-24 15:38:55 +0000  2677244 bytes for ./Pretendard-Black.ttf
2023-01-24 15:38:55 +0000  copying file ./AppIcon60x60@2x.png ... 
2023-01-24 15:38:55 +0000  7891 bytes for ./AppIcon60x60@2x.png
2023-01-24 15:38:55 +0000  copying file ./Pretendard-Regular.ttf ... 
2023-01-24 15:38:55 +0000  2737116 bytes for ./Pretendard-Regular.ttf
2023-01-24 15:38:55 +0000  copying file ./AccessibilityResources.bundle/en.lproj/Localizable.strings ... 
2023-01-24 15:38:55 +0000  518 bytes for ./AccessibilityResources.bundle/en.lproj/Localizable.strings
2023-01-24 15:38:55 +0000  copying file ./AccessibilityResources.bundle/Info.plist ... 
2023-01-24 15:38:55 +0000  791 bytes for ./AccessibilityResources.bundle/Info.plist
2023-01-24 15:38:55 +0000  copying file ./GoogleService-info.plist ... 
2023-01-24 15:38:55 +0000  277 bytes for ./GoogleService-info.plist
2023-01-24 15:38:55 +0000  copying file ./GoogleSignIn.bundle/de.lproj/GoogleSignIn.strings ... 
2023-01-24 15:38:55 +0000  1703 bytes for ./GoogleSignIn.bundle/de.lproj/GoogleSignIn.strings
2023-01-24 15:38:55 +0000  copying file ./GoogleSignIn.bundle/he.lproj/GoogleSignIn.strings ... 
2023-01-24 15:38:55 +0000  1780 bytes for ./GoogleSignIn.bundle/he.lproj/GoogleSignIn.strings
2023-01-24 15:38:55 +0000  copying file ./GoogleSignIn.bundle/ar.lproj/GoogleSignIn.strings ... 
2023-01-24 15:38:55 +0000  1759 bytes for ./GoogleSignIn.bundle/ar.lproj/GoogleSignIn.strings
2023-01-24 15:38:55 +0000  copying file ./GoogleSignIn.bundle/el.lproj/GoogleSignIn.strings ... 
2023-01-24 15:38:55 +0000  2103 bytes for ./GoogleSignIn.bundle/el.lproj/GoogleSignIn.strings
2023-01-24 15:38:55 +0000  copying file ./GoogleSignIn.bundle/ja.lproj/GoogleSignIn.strings ... 
2023-01-24 15:38:55 +0000  1711 bytes for ./GoogleSignIn.bundle/ja.lproj/GoogleSignIn.strings
2023-01-24 15:38:55 +0000  copying file ./GoogleSignIn.bundle/en.lproj/GoogleSignIn.strings ... 
2023-01-24 15:38:55 +0000  1547 bytes for ./GoogleSignIn.bundle/en.lproj/GoogleSignIn.strings
2023-01-24 15:38:55 +0000  copying file ./GoogleSignIn.bundle/uk.lproj/GoogleSignIn.strings ... 
2023-01-24 15:38:55 +0000  1864 bytes for ./GoogleSignIn.bundle/uk.lproj/GoogleSignIn.strings
2023-01-24 15:38:55 +0000  copying file ./GoogleSignIn.bundle/es_MX.lproj/GoogleSignIn.strings ... 
2023-01-24 15:38:55 +0000  1607 bytes for ./GoogleSignIn.bundle/es_MX.lproj/GoogleSignIn.strings
2023-01-24 15:38:55 +0000  copying file ./GoogleSignIn.bundle/zh_CN.lproj/GoogleSignIn.strings ... 
2023-01-24 15:38:55 +0000  1489 bytes for ./GoogleSignIn.bundle/zh_CN.lproj/GoogleSignIn.strings
2023-01-24 15:38:55 +0000  copying file ./GoogleSignIn.bundle/nb.lproj/GoogleSignIn.strings ... 
2023-01-24 15:38:55 +0000  1593 bytes for ./GoogleSignIn.bundle/nb.lproj/GoogleSignIn.strings
2023-01-24 15:38:55 +0000  copying file ./GoogleSignIn.bundle/es.lproj/GoogleSignIn.strings ... 
2023-01-24 15:38:55 +0000  1678 bytes for ./GoogleSignIn.bundle/es.lproj/GoogleSignIn.strings
2023-01-24 15:38:55 +0000  copying file ./GoogleSignIn.bundle/pt_BR.lproj/GoogleSignIn.strings ... 
2023-01-24 15:38:55 +0000  1608 bytes for ./GoogleSignIn.bundle/pt_BR.lproj/GoogleSignIn.strings
2023-01-24 15:38:55 +0000  copying file ./GoogleSignIn.bundle/da.lproj/GoogleSignIn.strings ... 
2023-01-24 15:38:55 +0000  1611 bytes for ./GoogleSignIn.bundle/da.lproj/GoogleSignIn.strings
2023-01-24 15:38:55 +0000  copying file ./GoogleSignIn.bundle/it.lproj/GoogleSignIn.strings ... 
2023-01-24 15:38:55 +0000  1570 bytes for ./GoogleSignIn.bundle/it.lproj/GoogleSignIn.strings
2023-01-24 15:38:55 +0000  copying file ./GoogleSignIn.bundle/sk.lproj/GoogleSignIn.strings ... 
2023-01-24 15:38:55 +0000  1665 bytes for ./GoogleSignIn.bundle/sk.lproj/GoogleSignIn.strings
2023-01-24 15:38:55 +0000  copying file ./GoogleSignIn.bundle/pt_PT.lproj/GoogleSignIn.strings ... 
2023-01-24 15:38:55 +0000  1646 bytes for ./GoogleSignIn.bundle/pt_PT.lproj/GoogleSignIn.strings
2023-01-24 15:38:55 +0000  copying file ./GoogleSignIn.bundle/google@3x.png ... 
2023-01-24 15:38:55 +0000  1773 bytes for ./GoogleSignIn.bundle/google@3x.png
2023-01-24 15:38:55 +0000  copying file ./GoogleSignIn.bundle/ms.lproj/GoogleSignIn.strings ... 
2023-01-24 15:38:55 +0000  1565 bytes for ./GoogleSignIn.bundle/ms.lproj/GoogleSignIn.strings
2023-01-24 15:38:55 +0000  copying file ./GoogleSignIn.bundle/sv.lproj/GoogleSignIn.strings ... 
2023-01-24 15:38:55 +0000  1579 bytes for ./GoogleSignIn.bundle/sv.lproj/GoogleSignIn.strings
2023-01-24 15:38:55 +0000  copying file ./GoogleSignIn.bundle/cs.lproj/GoogleSignIn.strings ... 
2023-01-24 15:38:55 +0000  1615 bytes for ./GoogleSignIn.bundle/cs.lproj/GoogleSignIn.strings
2023-01-24 15:38:55 +0000  copying file ./GoogleSignIn.bundle/google@2x.png ... 
2023-01-24 15:38:55 +0000  1166 bytes for ./GoogleSignIn.bundle/google@2x.png
2023-01-24 15:38:55 +0000  copying file ./GoogleSignIn.bundle/ko.lproj/GoogleSignIn.strings ... 
2023-01-24 15:38:55 +0000  1634 bytes for ./GoogleSignIn.bundle/ko.lproj/GoogleSignIn.strings
2023-01-24 15:38:55 +0000  copying file ./GoogleSignIn.bundle/hu.lproj/GoogleSignIn.strings ... 
2023-01-24 15:38:55 +0000  1663 bytes for ./GoogleSignIn.bundle/hu.lproj/GoogleSignIn.strings
2023-01-24 15:38:55 +0000  copying file ./GoogleSignIn.bundle/tr.lproj/GoogleSignIn.strings ... 
2023-01-24 15:38:55 +0000  1596 bytes for ./GoogleSignIn.bundle/tr.lproj/GoogleSignIn.strings
2023-01-24 15:38:55 +0000  copying file ./GoogleSignIn.bundle/pl.lproj/GoogleSignIn.strings ... 
2023-01-24 15:38:55 +0000  1578 bytes for ./GoogleSignIn.bundle/pl.lproj/GoogleSignIn.strings
2023-01-24 15:38:55 +0000  copying file ./GoogleSignIn.bundle/zh_TW.lproj/GoogleSignIn.strings ... 
2023-01-24 15:38:55 +0000  1525 bytes for ./GoogleSignIn.bundle/zh_TW.lproj/GoogleSignIn.strings
2023-01-24 15:38:55 +0000  copying file ./GoogleSignIn.bundle/en_GB.lproj/GoogleSignIn.strings ... 
2023-01-24 15:38:55 +0000  1547 bytes for ./GoogleSignIn.bundle/en_GB.lproj/GoogleSignIn.strings
2023-01-24 15:38:55 +0000  copying file ./GoogleSignIn.bundle/vi.lproj/GoogleSignIn.strings ... 
2023-01-24 15:38:55 +0000  1717 bytes for ./GoogleSignIn.bundle/vi.lproj/GoogleSignIn.strings
2023-01-24 15:38:55 +0000  copying file ./GoogleSignIn.bundle/ru.lproj/GoogleSignIn.strings ... 
2023-01-24 15:38:55 +0000  1954 bytes for ./GoogleSignIn.bundle/ru.lproj/GoogleSignIn.strings
2023-01-24 15:38:55 +0000  copying file ./GoogleSignIn.bundle/fr_CA.lproj/GoogleSignIn.strings ... 
2023-01-24 15:38:55 +0000  1657 bytes for ./GoogleSignIn.bundle/fr_CA.lproj/GoogleSignIn.strings
2023-01-24 15:38:55 +0000  copying file ./GoogleSignIn.bundle/fr.lproj/GoogleSignIn.strings ... 
2023-01-24 15:38:55 +0000  1676 bytes for ./GoogleSignIn.bundle/fr.lproj/GoogleSignIn.strings
2023-01-24 15:38:55 +0000  copying file ./GoogleSignIn.bundle/fi.lproj/GoogleSignIn.strings ... 
2023-01-24 15:38:55 +0000  1640 bytes for ./GoogleSignIn.bundle/fi.lproj/GoogleSignIn.strings
2023-01-24 15:38:55 +0000  copying file ./GoogleSignIn.bundle/id.lproj/GoogleSignIn.strings ... 
2023-01-24 15:38:55 +0000  1553 bytes for ./GoogleSignIn.bundle/id.lproj/GoogleSignIn.strings
2023-01-24 15:38:55 +0000  copying file ./GoogleSignIn.bundle/nl.lproj/GoogleSignIn.strings ... 
2023-01-24 15:38:55 +0000  1606 bytes for ./GoogleSignIn.bundle/nl.lproj/GoogleSignIn.strings
2023-01-24 15:38:55 +0000  copying file ./GoogleSignIn.bundle/th.lproj/GoogleSignIn.strings ... 
2023-01-24 15:38:55 +0000  2133 bytes for ./GoogleSignIn.bundle/th.lproj/GoogleSignIn.strings
2023-01-24 15:38:55 +0000  copying file ./GoogleSignIn.bundle/pt.lproj/GoogleSignIn.strings ... 
2023-01-24 15:38:55 +0000  1608 bytes for ./GoogleSignIn.bundle/pt.lproj/GoogleSignIn.strings
2023-01-24 15:38:55 +0000  copying file ./GoogleSignIn.bundle/google.png ... 
2023-01-24 15:38:55 +0000  643 bytes for ./GoogleSignIn.bundle/google.png
2023-01-24 15:38:55 +0000  copying file ./GoogleSignIn.bundle/Roboto-Bold.ttf ... 
2023-01-24 15:38:55 +0000  127744 bytes for ./GoogleSignIn.bundle/Roboto-Bold.ttf
2023-01-24 15:38:55 +0000  copying file ./GoogleSignIn.bundle/ro.lproj/GoogleSignIn.strings ... 
2023-01-24 15:38:55 +0000  1598 bytes for ./GoogleSignIn.bundle/ro.lproj/GoogleSignIn.strings
2023-01-24 15:38:55 +0000  copying file ./GoogleSignIn.bundle/Info.plist ... 
2023-01-24 15:38:55 +0000  767 bytes for ./GoogleSignIn.bundle/Info.plist
2023-01-24 15:38:55 +0000  copying file ./GoogleSignIn.bundle/hr.lproj/GoogleSignIn.strings ... 
2023-01-24 15:38:55 +0000  1621 bytes for ./GoogleSignIn.bundle/hr.lproj/GoogleSignIn.strings
2023-01-24 15:38:55 +0000  copying file ./GoogleSignIn.bundle/hi.lproj/GoogleSignIn.strings ... 
2023-01-24 15:38:55 +0000  2286 bytes for ./GoogleSignIn.bundle/hi.lproj/GoogleSignIn.strings
2023-01-24 15:38:55 +0000  copying file ./GoogleSignIn.bundle/ca.lproj/GoogleSignIn.strings ... 
2023-01-24 15:38:55 +0000  1669 bytes for ./GoogleSignIn.bundle/ca.lproj/GoogleSignIn.strings
2023-01-24 15:38:55 +0000  copying file ./Pretendard-Thin.ttf ... 
2023-01-24 15:38:55 +0000  2870652 bytes for ./Pretendard-Thin.ttf
2023-01-24 15:38:55 +0000  copying file ./Pretendard-ExtraLight.ttf ... 
2023-01-24 15:38:55 +0000  2842404 bytes for ./Pretendard-ExtraLight.ttf
2023-01-24 15:38:55 +0000  copying file ./Assets.car ... 
2023-01-24 15:38:55 +0000  456463 bytes for ./Assets.car
2023-01-24 15:38:55 +0000  copying file ./Pretendard-SemiBold.ttf ... 
2023-01-24 15:38:55 +0000  2682940 bytes for ./Pretendard-SemiBold.ttf
2023-01-24 15:38:55 +0000  copying file ./main.jsbundle ... 
2023-01-24 15:38:55 +0000  2584408 bytes for ./main.jsbundle
2023-01-24 15:38:55 +0000  copying file ./Pretendard-ExtraBold.ttf ... 
2023-01-24 15:38:55 +0000  2678964 bytes for ./Pretendard-ExtraBold.ttf
2023-01-24 15:38:55 +0000  copying file ./Pretendard-Bold.ttf ... 
2023-01-24 15:38:55 +0000  2673340 bytes for ./Pretendard-Bold.ttf
2023-01-24 15:38:55 +0000  copying file ./LaunchScreen.storyboardc/01J-lp-oVM-view-Ze5-6b-2t3.nib ... 
2023-01-24 15:38:55 +0000  2089 bytes for ./LaunchScreen.storyboardc/01J-lp-oVM-view-Ze5-6b-2t3.nib
2023-01-24 15:38:55 +0000  copying file ./LaunchScreen.storyboardc/UIViewController-01J-lp-oVM.nib ... 
2023-01-24 15:38:55 +0000  896 bytes for ./LaunchScreen.storyboardc/UIViewController-01J-lp-oVM.nib
2023-01-24 15:38:55 +0000  copying file ./LaunchScreen.storyboardc/Info.plist ... 
2023-01-24 15:38:55 +0000  258 bytes for ./LaunchScreen.storyboardc/Info.plist
2023-01-24 15:38:55 +0000  copying file ./Frameworks/hermes.framework/_CodeSignature/CodeResources ... 
2023-01-24 15:38:55 +0000  1798 bytes for ./Frameworks/hermes.framework/_CodeSignature/CodeResources
2023-01-24 15:38:55 +0000  copying file ./Frameworks/hermes.framework/hermes ... 
2023-01-24 15:38:56 +0000  487581360 bytes for ./Frameworks/hermes.framework/hermes
2023-01-24 15:38:56 +0000  copying file ./Frameworks/hermes.framework/Info.plist ... 
2023-01-24 15:38:56 +0000  815 bytes for ./Frameworks/hermes.framework/Info.plist
2023-01-24 15:38:56 +0000  copying file ./Pretendard-Light.ttf ... 
2023-01-24 15:38:56 +0000  2817428 bytes for ./Pretendard-Light.ttf
2023-01-24 15:38:56 +0000  copying file ./embedded.mobileprovision ... 
2023-01-24 15:38:56 +0000  14804 bytes for ./embedded.mobileprovision
2023-01-24 15:38:56 +0000  copying file ./assets/node_modules/@react-navigation/elements/src/assets/back-icon@3x.png ... 
2023-01-24 15:38:56 +0000  761 bytes for ./assets/node_modules/@react-navigation/elements/src/assets/back-icon@3x.png
2023-01-24 15:38:56 +0000  copying file ./assets/node_modules/@react-navigation/elements/src/assets/back-icon@2x.png ... 
2023-01-24 15:38:56 +0000  405 bytes for ./assets/node_modules/@react-navigation/elements/src/assets/back-icon@2x.png
2023-01-24 15:38:56 +0000  copying file ./assets/node_modules/@react-navigation/elements/src/assets/back-icon.png ... 
2023-01-24 15:38:56 +0000  290 bytes for ./assets/node_modules/@react-navigation/elements/src/assets/back-icon.png
2023-01-24 15:38:56 +0000  copying file ./assets/node_modules/@react-navigation/elements/src/assets/back-icon-mask.png ... 
2023-01-24 15:38:56 +0000  913 bytes for ./assets/node_modules/@react-navigation/elements/src/assets/back-icon-mask.png
2023-01-24 15:38:56 +0000  copying file ./assets/node_modules/@react-navigation/native-stack/node_modules/@react-navigation/elements/src/assets/back-icon@3x.png ... 
2023-01-24 15:38:56 +0000  761 bytes for ./assets/node_modules/@react-navigation/native-stack/node_modules/@react-navigation/elements/src/assets/back-icon@3x.png
2023-01-24 15:38:56 +0000  copying file ./assets/node_modules/@react-navigation/native-stack/node_modules/@react-navigation/elements/src/assets/back-icon@2x.png ... 
2023-01-24 15:38:56 +0000  405 bytes for ./assets/node_modules/@react-navigation/native-stack/node_modules/@react-navigation/elements/src/assets/back-icon@2x.png
2023-01-24 15:38:56 +0000  copying file ./assets/node_modules/@react-navigation/native-stack/node_modules/@react-navigation/elements/src/assets/back-icon.png ... 
2023-01-24 15:38:56 +0000  290 bytes for ./assets/node_modules/@react-navigation/native-stack/node_modules/@react-navigation/elements/src/assets/back-icon.png
2023-01-24 15:38:56 +0000  copying file ./assets/node_modules/@react-navigation/native-stack/node_modules/@react-navigation/elements/src/assets/back-icon-mask.png ... 
2023-01-24 15:38:56 +0000  913 bytes for ./assets/node_modules/@react-navigation/native-stack/node_modules/@react-navigation/elements/src/assets/back-icon-mask.png
2023-01-24 15:38:56 +0000  copying file ./assets/node_modules/react-native-calendars/src/calendar/img/previous@2x.png ... 
2023-01-24 15:38:56 +0000  458 bytes for ./assets/node_modules/react-native-calendars/src/calendar/img/previous@2x.png
2023-01-24 15:38:56 +0000  copying file ./assets/node_modules/react-native-calendars/src/calendar/img/next@2x.png ... 
2023-01-24 15:38:56 +0000  462 bytes for ./assets/node_modules/react-native-calendars/src/calendar/img/next@2x.png
2023-01-24 15:38:56 +0000  copying file ./assets/node_modules/react-native-calendars/src/img/down@3x.png ... 
2023-01-24 15:38:56 +0000  508 bytes for ./assets/node_modules/react-native-calendars/src/img/down@3x.png
2023-01-24 15:38:56 +0000  copying file ./assets/node_modules/react-native-calendars/src/img/down@2x.png ... 
2023-01-24 15:38:56 +0000  354 bytes for ./assets/node_modules/react-native-calendars/src/img/down@2x.png
2023-01-24 15:38:56 +0000  copying file ./assets/node_modules/react-native-calendars/src/img/up.png ... 
2023-01-24 15:38:56 +0000  215 bytes for ./assets/node_modules/react-native-calendars/src/img/up.png
2023-01-24 15:38:56 +0000  copying file ./assets/node_modules/react-native-calendars/src/img/down.png ... 
2023-01-24 15:38:56 +0000  208 bytes for ./assets/node_modules/react-native-calendars/src/img/down.png
2023-01-24 15:38:56 +0000  copying file ./assets/node_modules/react-native-calendars/src/img/up@2x.png ... 
2023-01-24 15:38:56 +0000  347 bytes for ./assets/node_modules/react-native-calendars/src/img/up@2x.png
2023-01-24 15:38:56 +0000  copying file ./assets/node_modules/react-native-calendars/src/img/up@3x.png ... 
2023-01-24 15:38:56 +0000  504 bytes for ./assets/node_modules/react-native-calendars/src/img/up@3x.png
2023-01-24 15:38:56 +0000  copying file ./assets/src/img/icn-communication.png ... 
2023-01-24 15:38:56 +0000  4889 bytes for ./assets/src/img/icn-communication.png
2023-01-24 15:38:56 +0000  copying file ./assets/src/img/icn-burning.png ... 
2023-01-24 15:38:56 +0000  4007 bytes for ./assets/src/img/icn-burning.png
2023-01-24 15:38:56 +0000  copying file ./assets/src/img/icn-best.png ... 
2023-01-24 15:38:56 +0000  4261 bytes for ./assets/src/img/icn-best.png
2023-01-24 15:38:56 +0000  copying file ./assets/src/img/congratulation.png ... 
2023-01-24 15:38:56 +0000  43003 bytes for ./assets/src/img/congratulation.png
2023-01-24 15:38:56 +0000  copying file ./assets/src/img/icn-idea.png ... 
2023-01-24 15:38:56 +0000  4700 bytes for ./assets/src/img/icn-idea.png
2023-01-24 15:38:56 +0000  copying file ./assets/src/img/icn-logo-col.png ... 
2023-01-24 15:38:56 +0000  20693 bytes for ./assets/src/img/icn-logo-col.png
2023-01-24 15:38:56 +0000  copying file ./assets/src/img/feedback.png ... 
2023-01-24 15:38:56 +0000  20937 bytes for ./assets/src/img/feedback.png
2023-01-24 15:38:56 +0000  copying file ./assets/src/img/icn-logo-row.png ... 
2023-01-24 15:38:56 +0000  6283 bytes for ./assets/src/img/icn-logo-row.png
2023-01-24 15:38:56 +0000  copying file ./Info.plist ... 
2023-01-24 15:38:56 +0000  1872 bytes for ./Info.plist
2023-01-24 15:38:56 +0000  copying file ./PkgInfo ... 
2023-01-24 15:38:56 +0000  8 bytes for ./PkgInfo
2023-01-24 15:38:56 +0000  /usr/bin/ditto exited with 0
2023-01-24 15:38:56 +0000  Processing step: IDEDistributionEmbedProfileStep
2023-01-24 15:38:56 +0000  Skipping profile for item: <IDEDistributionItem: 0x6000b74bcc00; bundleID='dev.hermesengine.iphoneos', path='<DVTFilePath:0x60002b924e70:'/Users/wayne/Library/Developer/Xcode/Archives/2023-01-25/okr 2023-01-25 12.38 AM.xcarchive/Products/Applications/Flag.app/Frameworks/hermes.framework'>', codeSigningInfo='<_DVTCodeSigningInformation_Path: 0x60004f778050; isSigned='1', isAdHocSigned='0', signingCertificate='<DVTSigningCertificate: 0x60000e679970; name='Apple Development: ayoung won (UKUHYBXQQ2)', hash='196C870D58E32B56BD2A1A7056255B7C2FAD9580', serialNumber='1194D3DFF9A9816AB3C640E2E559F738', certificateKinds='(
    "1.2.840.113635.100.6.1.12",
    "1.2.840.113635.100.6.1.2"
), issueDate='2022-12-11 04:12:26 +0000''>', entitlements='(null)', teamID='SNS7FK52T7', identifier='dev.hermesengine.iphoneos', executablePath='<DVTFilePath:0x6000b754fa20:'/Users/wayne/Library/Developer/Xcode/Archives/2023-01-25/okr 2023-01-25 12.38 AM.xcarchive/Products/Applications/Flag.app/Frameworks/hermes.framework/hermes'>', hardenedRuntime='0'>'>
2023-01-24 15:38:56 +0000  Processing step: IDEDistributionInfoPlistStep
2023-01-24 15:38:56 +0000  Processing step: IDEDistributionItemRemovalStep
2023-01-24 15:38:56 +0000  Processing step: IDEDistributionAppThinningPlistStep
2023-01-24 15:38:56 +0000  Skipping step: IDEDistributionAppThinningPlistStep because it said so
2023-01-24 15:38:56 +0000  Processing step: IDEDistributionCompileBitcodeStep
2023-01-24 15:38:56 +0000  Skipping step: IDEDistributionCompileBitcodeStep because it said so
2023-01-24 15:38:56 +0000  Processing step: IDEDistributionCodeSlimmingStep
2023-01-24 15:38:56 +0000  Running /Applications/Xcode.app/Contents/Developer/Toolchains/XcodeDefault.xctoolchain/usr/bin/bitcode_strip '/var/folders/63/c337pg8x1dq7tc5vk29wbcmc0000gn/T/XcodeDistPipeline.~~~Ogc4zp/Root/Payload/Flag.app/Frameworks/hermes.framework/hermes' '-r' '-keep_cs' '-o' '/var/folders/63/c337pg8x1dq7tc5vk29wbcmc0000gn/T/XcodeDistPipeline.~~~Ogc4zp/Root/Payload/Flag.app/Frameworks/hermes.framework/hermes'
2023-01-24 15:38:56 +0000  /Applications/Xcode.app/Contents/Developer/Toolchains/XcodeDefault.xctoolchain/usr/bin/bitcode_strip exited with 0
2023-01-24 15:38:56 +0000  Processing step: IDEDistributionCopyBCSymbolMapsStep
2023-01-24 15:38:57 +0000  Processing step: IDEDistributionSymbolsStep
2023-01-24 15:38:57 +0000  Processing symbols for hermes.framework
2023-01-24 15:38:57 +0000  Running /usr/bin/rsync '-8aPhhE' '/var/folders/63/c337pg8x1dq7tc5vk29wbcmc0000gn/T/XcodeDistPipeline.~~~Ogc4zp/Root/Payload/Flag.app/Frameworks/hermes.framework' '--link-dest' '/var/folders/63/c337pg8x1dq7tc5vk29wbcmc0000gn/T/XcodeDistPipeline.~~~Ogc4zp/Root/Payload/Flag.app/Frameworks' '/var/folders/63/c337pg8x1dq7tc5vk29wbcmc0000gn/T/XcodeDistPipeline.~~~Ogc4zp'
2023-01-24 15:38:57 +0000  building file list ... 
2023-01-24 15:38:57 +0000   0 files...2023-01-24 15:38:57 +0000  5 files to consider
2023-01-24 15:38:57 +0000  hermes.framework/
2023-01-24 15:38:57 +0000  hermes.framework/_CodeSignature/
rsync: link "/var/folders/63/c337pg8x1dq7tc5vk29wbcmc0000gn/T/XcodeDistPipeline.~~~Ogc4zp/hermes.framework/_CodeSignature/CodeResources" => /var/folders/63/c337pg8x1dq7tc5vk29wbcmc0000gn/T/XcodeDistPipeline.~~~Ogc4zp/Root/Payload/Flag.app/Frameworks/hermes.framework/_CodeSignature/CodeResources failed: Operation not permitted (1)
2023-01-24 15:38:57 +0000  hermes.framework/_CodeSignature/CodeResources
2023-01-24 15:38:57 +0000  
2023-01-24 15:38:57 +0000  sent 217 bytes  received 38 bytes  510.00 bytes/sec
total size is 6.56M  speedup is 26970.45
2023-01-24 15:38:57 +0000  /usr/bin/rsync exited with 0
2023-01-24 15:38:57 +0000  Running /usr/bin/rsync '-8aPhhE' '/Users/wayne/Library/Developer/Xcode/Archives/2023-01-25/okr 2023-01-25 12.38 AM.xcarchive/dSYMs/' '--link-dest' '/Users/wayne/Library/Developer/Xcode/Archives/2023-01-25/okr 2023-01-25 12.38 AM.xcarchive/dSYMs/' '/var/folders/63/c337pg8x1dq7tc5vk29wbcmc0000gn/T/XcodeDistPipeline.~~~Ogc4zp'
2023-01-24 15:38:57 +0000  building file list ... 
2023-01-24 15:38:57 +0000   0 files...2023-01-24 15:38:57 +0000  7 files to consider
2023-01-24 15:38:57 +0000  ./
2023-01-24 15:38:57 +0000  Flag.app.dSYM/
Flag.app.dSYM/Contents/
Flag.app.dSYM/Contents/Resources/
Flag.app.dSYM/Contents/Resources/DWARF/
2023-01-24 15:38:57 +0000  
2023-01-24 15:38:57 +0000  sent 232 bytes  received 50 bytes  564.00 bytes/sec
total size is 40.01M  speedup is 148784.19
2023-01-24 15:38:57 +0000  /usr/bin/rsync exited with 0
2023-01-24 15:38:57 +0000  Writing /var/folders/63/c337pg8x1dq7tc5vk29wbcmc0000gn/T/XcodeDistPipeline.~~~Ogc4zp/Symbols/B9DBADD2-E335-38D6-AF82-56DEA907C946.symbols
2023-01-24 15:38:57 +0000  Processing symbols for Flag.app
2023-01-24 15:38:57 +0000  Running /usr/bin/rsync '-8aPhhE' '/var/folders/63/c337pg8x1dq7tc5vk29wbcmc0000gn/T/XcodeDistPipeline.~~~Ogc4zp/Root/Payload/Flag.app' '--link-dest' '/var/folders/63/c337pg8x1dq7tc5vk29wbcmc0000gn/T/XcodeDistPipeline.~~~Ogc4zp/Root/Payload' '/var/folders/63/c337pg8x1dq7tc5vk29wbcmc0000gn/T/XcodeDistPipeline.~~~Ogc4zp'
2023-01-24 15:38:57 +0000  building file list ... 
2023-01-24 15:38:57 +0000   0 files...2023-01-24 15:38:57 +0000   100 files...2023-01-24 15:38:57 +0000  159 files to consider
2023-01-24 15:38:57 +0000  Flag.app/
2023-01-24 15:38:57 +0000  Flag.app/AccessibilityResources.bundle/
Flag.app/AccessibilityResources.bundle/en.lproj/
Flag.app/Frameworks/
Flag.app/Frameworks/hermes.framework/
Flag.app/Frameworks/hermes.framework/_CodeSignature/
Flag.app/GoogleSignIn.bundle/
Flag.app/GoogleSignIn.bundle/ar.lproj/
Flag.app/GoogleSignIn.bundle/ca.lproj/
Flag.app/GoogleSignIn.bundle/cs.lproj/
Flag.app/GoogleSignIn.bundle/da.lproj/
Flag.app/GoogleSignIn.bundle/de.lproj/
Flag.app/GoogleSignIn.bundle/el.lproj/
Flag.app/GoogleSignIn.bundle/en.lproj/
Flag.app/GoogleSignIn.bundle/en_GB.lproj/
2023-01-24 15:38:57 +0000  Flag.app/GoogleSignIn.bundle/es.lproj/
Flag.app/GoogleSignIn.bundle/es_MX.lproj/
Flag.app/GoogleSignIn.bundle/fi.lproj/
Flag.app/GoogleSignIn.bundle/fr.lproj/
Flag.app/GoogleSignIn.bundle/fr_CA.lproj/
Flag.app/GoogleSignIn.bundle/he.lproj/
Flag.app/GoogleSignIn.bundle/hi.lproj/
Flag.app/GoogleSignIn.bundle/hr.lproj/
Flag.app/GoogleSignIn.bundle/hu.lproj/
Flag.app/GoogleSignIn.bundle/id.lproj/
Flag.app/GoogleSignIn.bundle/it.lproj/
Flag.app/GoogleSignIn.bundle/ja.lproj/
Flag.app/GoogleSignIn.bundle/ko.lproj/
Flag.app/GoogleSignIn.bundle/ms.lproj/
Flag.app/GoogleSignIn.bundle/nb.lproj/
Flag.app/GoogleSignIn.bundle/nl.lproj/
Flag.app/GoogleSignIn.bundle/pl.lproj/
Flag.app/GoogleSignIn.bundle/pt.lproj/
Flag.app/GoogleSignIn.bundle/pt_BR.lproj/
Flag.app/GoogleSignIn.bundle/pt_PT.lproj/
Flag.app/GoogleSignIn.bundle/ro.lproj/
Flag.app/GoogleSignIn.bundle/ru.lproj/
Flag.app/GoogleSignIn.bundle/sk.lproj/
Flag.app/GoogleSignIn.bundle/sv.lproj/
Flag.app/GoogleSignIn.bundle/th.lproj/
Flag.app/GoogleSignIn.bundle/tr.lproj/
Flag.app/GoogleSignIn.bundle/uk.lproj/
Flag.app/GoogleSignIn.bundle/vi.lproj/
Flag.app/GoogleSignIn.bundle/zh_CN.lproj/
Flag.app/GoogleSignIn.bundle/zh_TW.lproj/
Flag.app/LaunchScreen.storyboardc/
Flag.app/_CodeSignature/
Flag.app/assets/
Flag.app/assets/node_modules/
Flag.app/assets/node_modules/@react-navigation/
Flag.app/assets/node_modules/@react-navigation/elements/
Flag.app/assets/node_modules/@react-navigation/elements/src/
Flag.app/assets/node_modules/@react-navigation/elements/src/assets/
Flag.app/assets/node_modules/@react-navigation/native-stack/
2023-01-24 15:38:57 +0000  Flag.app/assets/node_modules/@react-navigation/native-stack/node_modules/
Flag.app/assets/node_modules/@react-navigation/native-stack/node_modules/@react-navigation/
Flag.app/assets/node_modules/@react-navigation/native-stack/node_modules/@react-navigation/elements/
Flag.app/assets/node_modules/@react-navigation/native-stack/node_modules/@react-navigation/elements/src/
Flag.app/assets/node_modules/@react-navigation/native-stack/node_modules/@react-navigation/elements/src/assets/
Flag.app/assets/node_modules/react-native-calendars/
Flag.app/assets/node_modules/react-native-calendars/src/
Flag.app/assets/node_modules/react-native-calendars/src/calendar/
Flag.app/assets/node_modules/react-native-calendars/src/calendar/img/
Flag.app/assets/node_modules/react-native-calendars/src/img/
Flag.app/assets/src/
Flag.app/assets/src/img/
2023-01-24 15:38:57 +0000  
2023-01-24 15:38:57 +0000  sent 4.56K bytes  received 416 bytes  9.93K bytes/sec
total size is 37.62M  speedup is 7758.59
2023-01-24 15:38:57 +0000  /usr/bin/rsync exited with 0
2023-01-24 15:38:57 +0000  Running /usr/bin/rsync '-8aPhhE' '/Users/wayne/Library/Developer/Xcode/Archives/2023-01-25/okr 2023-01-25 12.38 AM.xcarchive/dSYMs/' '--link-dest' '/Users/wayne/Library/Developer/Xcode/Archives/2023-01-25/okr 2023-01-25 12.38 AM.xcarchive/dSYMs/' '/var/folders/63/c337pg8x1dq7tc5vk29wbcmc0000gn/T/XcodeDistPipeline.~~~Ogc4zp'
2023-01-24 15:38:57 +0000  building file list ... 
2023-01-24 15:38:57 +0000   0 files...2023-01-24 15:38:57 +0000  7 files to consider
2023-01-24 15:38:57 +0000  ./
2023-01-24 15:38:57 +0000  Flag.app.dSYM/
Flag.app.dSYM/Contents/
Flag.app.dSYM/Contents/Resources/
Flag.app.dSYM/Contents/Resources/DWARF/
2023-01-24 15:38:57 +0000  
2023-01-24 15:38:57 +0000  sent 244 bytes  received 62 bytes  612.00 bytes/sec
total size is 40.01M  speedup is 137114.84
2023-01-24 15:38:57 +0000  /usr/bin/rsync exited with 0
2023-01-24 15:38:57 +0000  Writing /var/folders/63/c337pg8x1dq7tc5vk29wbcmc0000gn/T/XcodeDistPipeline.~~~Ogc4zp/Symbols/E6FEDE88-D7E6-34E6-9E94-345C0041A372.symbols
2023-01-24 15:38:57 +0000  Processing step: IDEDistributionCopyAppleProvidedContentStep
2023-01-24 15:38:57 +0000  Processing step: IDEDistributionAppThinningStep
2023-01-24 15:38:57 +0000  Skipping step: IDEDistributionAppThinningStep because it said so
2023-01-24 15:38:57 +0000  Processing step: IDEDistributionArchThinningStep
2023-01-24 15:38:57 +0000  Running /Applications/Xcode.app/Contents/Developer/Toolchains/XcodeDefault.xctoolchain/usr/bin/lipo '/var/folders/63/c337pg8x1dq7tc5vk29wbcmc0000gn/T/XcodeDistPipeline.~~~Ogc4zp/Root/Payload/Flag.app/Frameworks/hermes.framework/hermes' '-verify_arch' 'arm64e'
2023-01-24 15:38:57 +0000  /Applications/Xcode.app/Contents/Developer/Toolchains/XcodeDefault.xctoolchain/usr/bin/lipo exited with 1
2023-01-24 15:38:57 +0000  Skipping architecture thinning for item "hermes" because arch "arm64e" wasn't found
2023-01-24 15:38:57 +0000  Running /Applications/Xcode.app/Contents/Developer/Toolchains/XcodeDefault.xctoolchain/usr/bin/lipo '/var/folders/63/c337pg8x1dq7tc5vk29wbcmc0000gn/T/XcodeDistPipeline.~~~Ogc4zp/Root/Payload/Flag.app/Flag' '-verify_arch' 'arm64e'
2023-01-24 15:38:57 +0000  /Applications/Xcode.app/Contents/Developer/Toolchains/XcodeDefault.xctoolchain/usr/bin/lipo exited with 1
2023-01-24 15:38:57 +0000  Skipping architecture thinning for item "Flag" because arch "arm64e" wasn't found
2023-01-24 15:38:57 +0000  Processing step: IDEDistributionODRStep
2023-01-24 15:38:57 +0000  Processing step: IDEDistributionStripXattrsStep
2023-01-24 15:38:57 +0000  Skipping stripping extended attributes of item: <IDEDistributionItem: 0x6000b74bcc00; bundleID='dev.hermesengine.iphoneos', path='<DVTFilePath:0x60002b924e70:'/Users/wayne/Library/Developer/Xcode/Archives/2023-01-25/okr 2023-01-25 12.38 AM.xcarchive/Products/Applications/Flag.app/Frameworks/hermes.framework'>', codeSigningInfo='<_DVTCodeSigningInformation_Path: 0x60004f778050; isSigned='1', isAdHocSigned='0', signingCertificate='<DVTSigningCertificate: 0x60000e59c000; name='Apple Development: ayoung won (UKUHYBXQQ2)', hash='196C870D58E32B56BD2A1A7056255B7C2FAD9580', serialNumber='1194D3DFF9A9816AB3C640E2E559F738', certificateKinds='(
    "1.2.840.113635.100.6.1.12",
    "1.2.840.113635.100.6.1.2"
), issueDate='2022-12-11 04:12:26 +0000''>', entitlements='(null)', teamID='SNS7FK52T7', identifier='dev.hermesengine.iphoneos', executablePath='<DVTFilePath:0x6000b754fa20:'/Users/wayne/Library/Developer/Xcode/Archives/2023-01-25/okr 2023-01-25 12.38 AM.xcarchive/Products/Applications/Flag.app/Frameworks/hermes.framework/hermes'>', hardenedRuntime='0'>'>
2023-01-24 15:38:57 +0000  Running /usr/bin/xattr '-crs' '/var/folders/63/c337pg8x1dq7tc5vk29wbcmc0000gn/T/XcodeDistPipeline.~~~Ogc4zp/Root/Payload/Flag.app'
2023-01-24 15:38:57 +0000  /usr/bin/xattr exited with 0
2023-01-24 15:38:57 +0000  Processing step: IDEDistributionCodesignStep
2023-01-24 15:38:57 +0000  Entitlements for <IDEDistributionItem: 0x6000b74bcc00; bundleID='dev.hermesengine.iphoneos', path='<DVTFilePath:0x60002b924e70:'/Users/wayne/Library/Developer/Xcode/Archives/2023-01-25/okr 2023-01-25 12.38 AM.xcarchive/Products/Applications/Flag.app/Frameworks/hermes.framework'>', codeSigningInfo='<_DVTCodeSigningInformation_Path: 0x60004f778050; isSigned='1', isAdHocSigned='0', signingCertificate='<DVTSigningCertificate: 0x60000e59c000; name='Apple Development: ayoung won (UKUHYBXQQ2)', hash='196C870D58E32B56BD2A1A7056255B7C2FAD9580', serialNumber='1194D3DFF9A9816AB3C640E2E559F738', certificateKinds='(
    "1.2.840.113635.100.6.1.12",
    "1.2.840.113635.100.6.1.2"
), issueDate='2022-12-11 04:12:26 +0000''>', entitlements='(null)', teamID='SNS7FK52T7', identifier='dev.hermesengine.iphoneos', executablePath='<DVTFilePath:0x6000b754fa20:'/Users/wayne/Library/Developer/Xcode/Archives/2023-01-25/okr 2023-01-25 12.38 AM.xcarchive/Products/Applications/Flag.app/Frameworks/hermes.framework/hermes'>', hardenedRuntime='0'>'>: {
}
2023-01-24 15:38:57 +0000  Entitlements for <IDEDistributionItem: 0x6000b74bcc00; bundleID='dev.hermesengine.iphoneos', path='<DVTFilePath:0x60002b924e70:'/Users/wayne/Library/Developer/Xcode/Archives/2023-01-25/okr 2023-01-25 12.38 AM.xcarchive/Products/Applications/Flag.app/Frameworks/hermes.framework'>', codeSigningInfo='<_DVTCodeSigningInformation_Path: 0x60004f778050; isSigned='1', isAdHocSigned='0', signingCertificate='<DVTSigningCertificate: 0x60000e59c210; name='Apple Development: ayoung won (UKUHYBXQQ2)', hash='196C870D58E32B56BD2A1A7056255B7C2FAD9580', serialNumber='1194D3DFF9A9816AB3C640E2E559F738', certificateKinds='(
    "1.2.840.113635.100.6.1.12",
    "1.2.840.113635.100.6.1.2"
), issueDate='2022-12-11 04:12:26 +0000''>', entitlements='(null)', teamID='SNS7FK52T7', identifier='dev.hermesengine.iphoneos', executablePath='<DVTFilePath:0x6000b754fa20:'/Users/wayne/Library/Developer/Xcode/Archives/2023-01-25/okr 2023-01-25 12.38 AM.xcarchive/Products/Applications/Flag.app/Frameworks/hermes.framework/hermes'>', hardenedRuntime='0'>'> are: {
}
2023-01-24 15:38:57 +0000  Writing entitlements for <IDEDistributionItem: 0x6000b74bcc00; bundleID='dev.hermesengine.iphoneos', path='<DVTFilePath:0x60002b924e70:'/Users/wayne/Library/Developer/Xcode/Archives/2023-01-25/okr 2023-01-25 12.38 AM.xcarchive/Products/Applications/Flag.app/Frameworks/hermes.framework'>', codeSigningInfo='<_DVTCodeSigningInformation_Path: 0x60004f778050; isSigned='1', isAdHocSigned='0', signingCertificate='<DVTSigningCertificate: 0x60000e59c370; name='Apple Development: ayoung won (UKUHYBXQQ2)', hash='196C870D58E32B56BD2A1A7056255B7C2FAD9580', serialNumber='1194D3DFF9A9816AB3C640E2E559F738', certificateKinds='(
    "1.2.840.113635.100.6.1.12",
    "1.2.840.113635.100.6.1.2"
), issueDate='2022-12-11 04:12:26 +0000''>', entitlements='(null)', teamID='SNS7FK52T7', identifier='dev.hermesengine.iphoneos', executablePath='<DVTFilePath:0x6000b754fa20:'/Users/wayne/Library/Developer/Xcode/Archives/2023-01-25/okr 2023-01-25 12.38 AM.xcarchive/Products/Applications/Flag.app/Frameworks/hermes.framework/hermes'>', hardenedRuntime='0'>'> to: /var/folders/63/c337pg8x1dq7tc5vk29wbcmc0000gn/T/XcodeDistPipeline.~~~Ogc4zp/entitlements~~~1nQ8mD
2023-01-24 15:38:57 +0000  Running /usr/bin/codesign '-vvv' '--force' '--sign' '42C4C5251BCCE4117583139BAAAEE365A08D429A' '--entitlements' '/var/folders/63/c337pg8x1dq7tc5vk29wbcmc0000gn/T/XcodeDistPipeline.~~~Ogc4zp/entitlements~~~1nQ8mD' '--generate-entitlement-der' '--preserve-metadata=identifier,flags,runtime' '/var/folders/63/c337pg8x1dq7tc5vk29wbcmc0000gn/T/XcodeDistPipeline.~~~Ogc4zp/Root/Payload/Flag.app/Frameworks/hermes.framework'
2023-01-24 15:38:57 +0000  /var/folders/63/c337pg8x1dq7tc5vk29wbcmc0000gn/T/XcodeDistPipeline.~~~Ogc4zp/Root/Payload/Flag.app/Frameworks/hermes.framework: replacing existing signature
2023-01-24 15:38:57 +0000  /var/folders/63/c337pg8x1dq7tc5vk29wbcmc0000gn/T/XcodeDistPipeline.~~~Ogc4zp/Root/Payload/Flag.app/Frameworks/hermes.framework: signed bundle with Mach-O thin (arm64) [dev.hermesengine.iphoneos]
2023-01-24 15:38:57 +0000  /usr/bin/codesign exited with 0
2023-01-24 15:38:57 +0000  Entitlements for <IDEDistributionItem: 0x6000b74bcf60; bundleID='io.moa.mobile', path='<DVTFilePath:0x6000438fa8b0:'/Users/wayne/Library/Developer/Xcode/Archives/2023-01-25/okr 2023-01-25 12.38 AM.xcarchive/Products/Applications/Flag.app'>', codeSigningInfo='<_DVTCodeSigningInformation_Path: 0x60004f758a00; isSigned='1', isAdHocSigned='0', signingCertificate='<DVTSigningCertificate: 0x60000e643230; name='Apple Development: ayoung won (UKUHYBXQQ2)', hash='196C870D58E32B56BD2A1A7056255B7C2FAD9580', serialNumber='1194D3DFF9A9816AB3C640E2E559F738', certificateKinds='(
    "1.2.840.113635.100.6.1.12",
    "1.2.840.113635.100.6.1.2"
), issueDate='2022-12-11 04:12:26 +0000''>', entitlements='{
    "application-identifier" = "SNS7FK52T7.io.moa.mobile";
    "com.apple.developer.applesignin" =     (
        Default
    );
    "com.apple.developer.team-identifier" = SNS7FK52T7;
    "get-task-allow" = 1;
}', teamID='SNS7FK52T7', identifier='io.moa.mobile', executablePath='<DVTFilePath:0x6000b754e2e0:'/Users/wayne/Library/Developer/Xcode/Archives/2023-01-25/okr 2023-01-25 12.38 AM.xcarchive/Products/Applications/Flag.app/Flag'>', hardenedRuntime='0'>'>: {
    "application-identifier" = "SNS7FK52T7.io.moa.mobile";
    "beta-reports-active" = 1;
    "com.apple.developer.applesignin" =     (
        Default
    );
    "com.apple.developer.team-identifier" = SNS7FK52T7;
    "get-task-allow" = 0;
}
2023-01-24 15:38:57 +0000  Entitlements for <IDEDistributionItem: 0x6000b74bcf60; bundleID='io.moa.mobile', path='<DVTFilePath:0x6000438fa8b0:'/Users/wayne/Library/Developer/Xcode/Archives/2023-01-25/okr 2023-01-25 12.38 AM.xcarchive/Products/Applications/Flag.app'>', codeSigningInfo='<_DVTCodeSigningInformation_Path: 0x60004f758a00; isSigned='1', isAdHocSigned='0', signingCertificate='<DVTSigningCertificate: 0x60000e59c160; name='Apple Development: ayoung won (UKUHYBXQQ2)', hash='196C870D58E32B56BD2A1A7056255B7C2FAD9580', serialNumber='1194D3DFF9A9816AB3C640E2E559F738', certificateKinds='(
    "1.2.840.113635.100.6.1.12",
    "1.2.840.113635.100.6.1.2"
), issueDate='2022-12-11 04:12:26 +0000''>', entitlements='{
    "application-identifier" = "SNS7FK52T7.io.moa.mobile";
    "com.apple.developer.applesignin" =     (
        Default
    );
    "com.apple.developer.team-identifier" = SNS7FK52T7;
    "get-task-allow" = 1;
}', teamID='SNS7FK52T7', identifier='io.moa.mobile', executablePath='<DVTFilePath:0x6000b754e2e0:'/Users/wayne/Library/Developer/Xcode/Archives/2023-01-25/okr 2023-01-25 12.38 AM.xcarchive/Products/Applications/Flag.app/Flag'>', hardenedRuntime='0'>'> are: {
    "application-identifier" = "SNS7FK52T7.io.moa.mobile";
    "beta-reports-active" = 1;
    "com.apple.developer.applesignin" =     (
        Default
    );
    "com.apple.developer.team-identifier" = SNS7FK52T7;
    "get-task-allow" = 0;
}
2023-01-24 15:38:57 +0000  Writing entitlements for <IDEDistributionItem: 0x6000b74bcf60; bundleID='io.moa.mobile', path='<DVTFilePath:0x6000438fa8b0:'/Users/wayne/Library/Developer/Xcode/Archives/2023-01-25/okr 2023-01-25 12.38 AM.xcarchive/Products/Applications/Flag.app'>', codeSigningInfo='<_DVTCodeSigningInformation_Path: 0x60004f758a00; isSigned='1', isAdHocSigned='0', signingCertificate='<DVTSigningCertificate: 0x60000e59c420; name='Apple Development: ayoung won (UKUHYBXQQ2)', hash='196C870D58E32B56BD2A1A7056255B7C2FAD9580', serialNumber='1194D3DFF9A9816AB3C640E2E559F738', certificateKinds='(
    "1.2.840.113635.100.6.1.12",
    "1.2.840.113635.100.6.1.2"
), issueDate='2022-12-11 04:12:26 +0000''>', entitlements='{
    "application-identifier" = "SNS7FK52T7.io.moa.mobile";
    "com.apple.developer.applesignin" =     (
        Default
    );
    "com.apple.developer.team-identifier" = SNS7FK52T7;
    "get-task-allow" = 1;
}', teamID='SNS7FK52T7', identifier='io.moa.mobile', executablePath='<DVTFilePath:0x6000b754e2e0:'/Users/wayne/Library/Developer/Xcode/Archives/2023-01-25/okr 2023-01-25 12.38 AM.xcarchive/Products/Applications/Flag.app/Flag'>', hardenedRuntime='0'>'> to: /var/folders/63/c337pg8x1dq7tc5vk29wbcmc0000gn/T/XcodeDistPipeline.~~~Ogc4zp/entitlements~~~NUxcym
2023-01-24 15:38:57 +0000  Running /usr/bin/codesign '-vvv' '--force' '--sign' '42C4C5251BCCE4117583139BAAAEE365A08D429A' '--entitlements' '/var/folders/63/c337pg8x1dq7tc5vk29wbcmc0000gn/T/XcodeDistPipeline.~~~Ogc4zp/entitlements~~~NUxcym' '--generate-entitlement-der' '--preserve-metadata=identifier,flags,runtime' '/var/folders/63/c337pg8x1dq7tc5vk29wbcmc0000gn/T/XcodeDistPipeline.~~~Ogc4zp/Root/Payload/Flag.app'
2023-01-24 15:38:57 +0000  /var/folders/63/c337pg8x1dq7tc5vk29wbcmc0000gn/T/XcodeDistPipeline.~~~Ogc4zp/Root/Payload/Flag.app: replacing existing signature
2023-01-24 15:38:57 +0000  /var/folders/63/c337pg8x1dq7tc5vk29wbcmc0000gn/T/XcodeDistPipeline.~~~Ogc4zp/Root/Payload/Flag.app: signed app bundle with Mach-O thin (arm64) [io.moa.mobile]
2023-01-24 15:38:57 +0000  /usr/bin/codesign exited with 0
2023-01-24 15:38:57 +0000  Processing step: IDEDistributionZipODRItemStep
2023-01-24 15:38:57 +0000  Skipping step: IDEDistributionZipODRItemStep because it said so
2023-01-24 15:38:57 +0000  Skipping step: IDEDistributionZipODRItemStep because it said so
2023-01-24 15:38:57 +0000  Processing step: IDEDistributionCreateIPAStep
2023-01-24 15:38:57 +0000  Running /usr/bin/rsync '-8aPhhE' '/var/folders/63/c337pg8x1dq7tc5vk29wbcmc0000gn/T/XcodeDistPipeline.~~~Ogc4zp/Symbols' '--link-dest' '/var/folders/63/c337pg8x1dq7tc5vk29wbcmc0000gn/T/XcodeDistPipeline.~~~Ogc4zp' '/var/folders/63/c337pg8x1dq7tc5vk29wbcmc0000gn/T/XcodeDistPipeline.~~~Ogc4zp/Root'
2023-01-24 15:38:57 +0000  building file list ... 
2023-01-24 15:38:57 +0000   0 files...2023-01-24 15:38:57 +0000  3 files to consider
2023-01-24 15:38:57 +0000  Symbols/
2023-01-24 15:38:57 +0000  
2023-01-24 15:38:57 +0000  sent 194 bytes  received 26 bytes  440.00 bytes/sec
total size is 12.29M  speedup is 58599.89
2023-01-24 15:38:57 +0000  /usr/bin/rsync exited with 0
2023-01-24 15:38:57 +0000  Running /usr/bin/ditto '-V' '-c' '-k' '--norsrc' '/var/folders/63/c337pg8x1dq7tc5vk29wbcmc0000gn/T/XcodeDistPipeline.~~~Ogc4zp/Root' '/var/folders/63/c337pg8x1dq7tc5vk29wbcmc0000gn/T/XcodeDistPipeline.~~~Ogc4zp/Packages/Flag.ipa'
2023-01-24 15:38:57 +0000  >>> Copying /var/folders/63/c337pg8x1dq7tc5vk29wbcmc0000gn/T/XcodeDistPipeline.~~~Ogc4zp/Root 
2023-01-24 15:38:57 +0000  copying file ./Payload/Flag.app/_CodeSignature/CodeResources ... 
2023-01-24 15:38:57 +0000  31108 bytes for ./Payload/Flag.app/_CodeSignature/CodeResources
2023-01-24 15:38:57 +0000  copying file ./Payload/Flag.app/Flag ... 
2023-01-24 15:38:57 +0000  4458912 bytes for ./Payload/Flag.app/Flag
2023-01-24 15:38:57 +0000  copying file ./Payload/Flag.app/Pretendard-Medium.ttf ... 
2023-01-24 15:38:57 +0000  2712356 bytes for ./Payload/Flag.app/Pretendard-Medium.ttf
copying file ./Payload/Flag.app/Pretendard-Black.ttf ... 
2023-01-24 15:38:58 +0000  2677244 bytes for ./Payload/Flag.app/Pretendard-Black.ttf
copying file ./Payload/Flag.app/AppIcon60x60@2x.png ... 
2023-01-24 15:38:58 +0000  7891 bytes for ./Payload/Flag.app/AppIcon60x60@2x.png
copying file ./Payload/Flag.app/Pretendard-Regular.ttf ... 
2023-01-24 15:38:58 +0000  2737116 bytes for ./Payload/Flag.app/Pretendard-Regular.ttf
2023-01-24 15:38:58 +0000  copying file ./Payload/Flag.app/AccessibilityResources.bundle/en.lproj/Localizable.strings ... 
2023-01-24 15:38:58 +0000  518 bytes for ./Payload/Flag.app/AccessibilityResources.bundle/en.lproj/Localizable.strings
copying file ./Payload/Flag.app/AccessibilityResources.bundle/Info.plist ... 
2023-01-24 15:38:58 +0000  791 bytes for ./Payload/Flag.app/AccessibilityResources.bundle/Info.plist
copying file ./Payload/Flag.app/GoogleService-info.plist ... 
2023-01-24 15:38:58 +0000  277 bytes for ./Payload/Flag.app/GoogleService-info.plist
2023-01-24 15:38:58 +0000  copying file ./Payload/Flag.app/GoogleSignIn.bundle/de.lproj/GoogleSignIn.strings ... 
1703 bytes for ./Payload/Flag.app/GoogleSignIn.bundle/de.lproj/GoogleSignIn.strings
2023-01-24 15:38:58 +0000  copying file ./Payload/Flag.app/GoogleSignIn.bundle/he.lproj/GoogleSignIn.strings ... 
2023-01-24 15:38:58 +0000  1780 bytes for ./Payload/Flag.app/GoogleSignIn.bundle/he.lproj/GoogleSignIn.strings
2023-01-24 15:38:58 +0000  copying file ./Payload/Flag.app/GoogleSignIn.bundle/ar.lproj/GoogleSignIn.strings ... 
1759 bytes for ./Payload/Flag.app/GoogleSignIn.bundle/ar.lproj/GoogleSignIn.strings
2023-01-24 15:38:58 +0000  copying file ./Payload/Flag.app/GoogleSignIn.bundle/el.lproj/GoogleSignIn.strings ... 
2023-01-24 15:38:58 +0000  2103 bytes for ./Payload/Flag.app/GoogleSignIn.bundle/el.lproj/GoogleSignIn.strings
copying file ./Payload/Flag.app/GoogleSignIn.bundle/ja.lproj/GoogleSignIn.strings ... 
2023-01-24 15:38:58 +0000  1711 bytes for ./Payload/Flag.app/GoogleSignIn.bundle/ja.lproj/GoogleSignIn.strings
copying file ./Payload/Flag.app/GoogleSignIn.bundle/en.lproj/GoogleSignIn.strings ... 
2023-01-24 15:38:58 +0000  1547 bytes for ./Payload/Flag.app/GoogleSignIn.bundle/en.lproj/GoogleSignIn.strings
2023-01-24 15:38:58 +0000  copying file ./Payload/Flag.app/GoogleSignIn.bundle/uk.lproj/GoogleSignIn.strings ... 
2023-01-24 15:38:58 +0000  1864 bytes for ./Payload/Flag.app/GoogleSignIn.bundle/uk.lproj/GoogleSignIn.strings
2023-01-24 15:38:58 +0000  copying file ./Payload/Flag.app/GoogleSignIn.bundle/es_MX.lproj/GoogleSignIn.strings ... 
2023-01-24 15:38:58 +0000  1607 bytes for ./Payload/Flag.app/GoogleSignIn.bundle/es_MX.lproj/GoogleSignIn.strings
2023-01-24 15:38:58 +0000  copying file ./Payload/Flag.app/GoogleSignIn.bundle/zh_CN.lproj/GoogleSignIn.strings ... 
2023-01-24 15:38:58 +0000  1489 bytes for ./Payload/Flag.app/GoogleSignIn.bundle/zh_CN.lproj/GoogleSignIn.strings
2023-01-24 15:38:58 +0000  copying file ./Payload/Flag.app/GoogleSignIn.bundle/nb.lproj/GoogleSignIn.strings ... 
2023-01-24 15:38:58 +0000  1593 bytes for ./Payload/Flag.app/GoogleSignIn.bundle/nb.lproj/GoogleSignIn.strings
2023-01-24 15:38:58 +0000  copying file ./Payload/Flag.app/GoogleSignIn.bundle/es.lproj/GoogleSignIn.strings ... 
2023-01-24 15:38:58 +0000  1678 bytes for ./Payload/Flag.app/GoogleSignIn.bundle/es.lproj/GoogleSignIn.strings
2023-01-24 15:38:58 +0000  copying file ./Payload/Flag.app/GoogleSignIn.bundle/pt_BR.lproj/GoogleSignIn.strings ... 
2023-01-24 15:38:58 +0000  1608 bytes for ./Payload/Flag.app/GoogleSignIn.bundle/pt_BR.lproj/GoogleSignIn.strings
2023-01-24 15:38:58 +0000  copying file ./Payload/Flag.app/GoogleSignIn.bundle/da.lproj/GoogleSignIn.strings ... 
2023-01-24 15:38:58 +0000  1611 bytes for ./Payload/Flag.app/GoogleSignIn.bundle/da.lproj/GoogleSignIn.strings
2023-01-24 15:38:58 +0000  copying file ./Payload/Flag.app/GoogleSignIn.bundle/it.lproj/GoogleSignIn.strings ... 
2023-01-24 15:38:58 +0000  1570 bytes for ./Payload/Flag.app/GoogleSignIn.bundle/it.lproj/GoogleSignIn.strings
2023-01-24 15:38:58 +0000  copying file ./Payload/Flag.app/GoogleSignIn.bundle/sk.lproj/GoogleSignIn.strings ... 
2023-01-24 15:38:58 +0000  1665 bytes for ./Payload/Flag.app/GoogleSignIn.bundle/sk.lproj/GoogleSignIn.strings
2023-01-24 15:38:58 +0000  copying file ./Payload/Flag.app/GoogleSignIn.bundle/pt_PT.lproj/GoogleSignIn.strings ... 
2023-01-24 15:38:58 +0000  1646 bytes for ./Payload/Flag.app/GoogleSignIn.bundle/pt_PT.lproj/GoogleSignIn.strings
2023-01-24 15:38:58 +0000  copying file ./Payload/Flag.app/GoogleSignIn.bundle/google@3x.png ... 
2023-01-24 15:38:58 +0000  1773 bytes for ./Payload/Flag.app/GoogleSignIn.bundle/google@3x.png
2023-01-24 15:38:58 +0000  copying file ./Payload/Flag.app/GoogleSignIn.bundle/ms.lproj/GoogleSignIn.strings ... 
2023-01-24 15:38:58 +0000  1565 bytes for ./Payload/Flag.app/GoogleSignIn.bundle/ms.lproj/GoogleSignIn.strings
2023-01-24 15:38:58 +0000  copying file ./Payload/Flag.app/GoogleSignIn.bundle/sv.lproj/GoogleSignIn.strings ... 
2023-01-24 15:38:58 +0000  1579 bytes for ./Payload/Flag.app/GoogleSignIn.bundle/sv.lproj/GoogleSignIn.strings
2023-01-24 15:38:58 +0000  copying file ./Payload/Flag.app/GoogleSignIn.bundle/cs.lproj/GoogleSignIn.strings ... 
2023-01-24 15:38:58 +0000  1615 bytes for ./Payload/Flag.app/GoogleSignIn.bundle/cs.lproj/GoogleSignIn.strings
2023-01-24 15:38:58 +0000  copying file ./Payload/Flag.app/GoogleSignIn.bundle/google@2x.png ... 
2023-01-24 15:38:58 +0000  1166 bytes for ./Payload/Flag.app/GoogleSignIn.bundle/google@2x.png
2023-01-24 15:38:58 +0000  copying file ./Payload/Flag.app/GoogleSignIn.bundle/ko.lproj/GoogleSignIn.strings ... 
2023-01-24 15:38:58 +0000  1634 bytes for ./Payload/Flag.app/GoogleSignIn.bundle/ko.lproj/GoogleSignIn.strings
2023-01-24 15:38:58 +0000  copying file ./Payload/Flag.app/GoogleSignIn.bundle/hu.lproj/GoogleSignIn.strings ... 
2023-01-24 15:38:58 +0000  1663 bytes for ./Payload/Flag.app/GoogleSignIn.bundle/hu.lproj/GoogleSignIn.strings
2023-01-24 15:38:58 +0000  copying file ./Payload/Flag.app/GoogleSignIn.bundle/tr.lproj/GoogleSignIn.strings ... 
2023-01-24 15:38:58 +0000  1596 bytes for ./Payload/Flag.app/GoogleSignIn.bundle/tr.lproj/GoogleSignIn.strings
2023-01-24 15:38:58 +0000  copying file ./Payload/Flag.app/GoogleSignIn.bundle/pl.lproj/GoogleSignIn.strings ... 
2023-01-24 15:38:58 +0000  1578 bytes for ./Payload/Flag.app/GoogleSignIn.bundle/pl.lproj/GoogleSignIn.strings
2023-01-24 15:38:58 +0000  copying file ./Payload/Flag.app/GoogleSignIn.bundle/zh_TW.lproj/GoogleSignIn.strings ... 
2023-01-24 15:38:58 +0000  1525 bytes for ./Payload/Flag.app/GoogleSignIn.bundle/zh_TW.lproj/GoogleSignIn.strings
2023-01-24 15:38:58 +0000  copying file ./Payload/Flag.app/GoogleSignIn.bundle/en_GB.lproj/GoogleSignIn.strings ... 
2023-01-24 15:38:58 +0000  1547 bytes for ./Payload/Flag.app/GoogleSignIn.bundle/en_GB.lproj/GoogleSignIn.strings
2023-01-24 15:38:58 +0000  copying file ./Payload/Flag.app/GoogleSignIn.bundle/vi.lproj/GoogleSignIn.strings ... 
2023-01-24 15:38:58 +0000  1717 bytes for ./Payload/Flag.app/GoogleSignIn.bundle/vi.lproj/GoogleSignIn.strings
2023-01-24 15:38:58 +0000  copying file ./Payload/Flag.app/GoogleSignIn.bundle/ru.lproj/GoogleSignIn.strings ... 
2023-01-24 15:38:58 +0000  1954 bytes for ./Payload/Flag.app/GoogleSignIn.bundle/ru.lproj/GoogleSignIn.strings
2023-01-24 15:38:58 +0000  copying file ./Payload/Flag.app/GoogleSignIn.bundle/fr_CA.lproj/GoogleSignIn.strings ... 
2023-01-24 15:38:58 +0000  1657 bytes for ./Payload/Flag.app/GoogleSignIn.bundle/fr_CA.lproj/GoogleSignIn.strings
2023-01-24 15:38:58 +0000  copying file ./Payload/Flag.app/GoogleSignIn.bundle/fr.lproj/GoogleSignIn.strings ... 
2023-01-24 15:38:58 +0000  1676 bytes for ./Payload/Flag.app/GoogleSignIn.bundle/fr.lproj/GoogleSignIn.strings
2023-01-24 15:38:58 +0000  copying file ./Payload/Flag.app/GoogleSignIn.bundle/fi.lproj/GoogleSignIn.strings ... 
2023-01-24 15:38:58 +0000  1640 bytes for ./Payload/Flag.app/GoogleSignIn.bundle/fi.lproj/GoogleSignIn.strings
2023-01-24 15:38:58 +0000  copying file ./Payload/Flag.app/GoogleSignIn.bundle/id.lproj/GoogleSignIn.strings ... 
2023-01-24 15:38:58 +0000  1553 bytes for ./Payload/Flag.app/GoogleSignIn.bundle/id.lproj/GoogleSignIn.strings
2023-01-24 15:38:58 +0000  copying file ./Payload/Flag.app/GoogleSignIn.bundle/nl.lproj/GoogleSignIn.strings ... 
2023-01-24 15:38:58 +0000  1606 bytes for ./Payload/Flag.app/GoogleSignIn.bundle/nl.lproj/GoogleSignIn.strings
2023-01-24 15:38:58 +0000  copying file ./Payload/Flag.app/GoogleSignIn.bundle/th.lproj/GoogleSignIn.strings ... 
2023-01-24 15:38:58 +0000  2133 bytes for ./Payload/Flag.app/GoogleSignIn.bundle/th.lproj/GoogleSignIn.strings
2023-01-24 15:38:58 +0000  copying file ./Payload/Flag.app/GoogleSignIn.bundle/pt.lproj/GoogleSignIn.strings ... 
2023-01-24 15:38:58 +0000  1608 bytes for ./Payload/Flag.app/GoogleSignIn.bundle/pt.lproj/GoogleSignIn.strings
2023-01-24 15:38:58 +0000  copying file ./Payload/Flag.app/GoogleSignIn.bundle/google.png ... 
2023-01-24 15:38:58 +0000  643 bytes for ./Payload/Flag.app/GoogleSignIn.bundle/google.png
2023-01-24 15:38:58 +0000  copying file ./Payload/Flag.app/GoogleSignIn.bundle/Roboto-Bold.ttf ... 
2023-01-24 15:38:58 +0000  127744 bytes for ./Payload/Flag.app/GoogleSignIn.bundle/Roboto-Bold.ttf
2023-01-24 15:38:58 +0000  copying file ./Payload/Flag.app/GoogleSignIn.bundle/ro.lproj/GoogleSignIn.strings ... 
2023-01-24 15:38:58 +0000  1598 bytes for ./Payload/Flag.app/GoogleSignIn.bundle/ro.lproj/GoogleSignIn.strings
2023-01-24 15:38:58 +0000  copying file ./Payload/Flag.app/GoogleSignIn.bundle/Info.plist ... 
2023-01-24 15:38:58 +0000  767 bytes for ./Payload/Flag.app/GoogleSignIn.bundle/Info.plist
2023-01-24 15:38:58 +0000  copying file ./Payload/Flag.app/GoogleSignIn.bundle/hr.lproj/GoogleSignIn.strings ... 
2023-01-24 15:38:58 +0000  1621 bytes for ./Payload/Flag.app/GoogleSignIn.bundle/hr.lproj/GoogleSignIn.strings
2023-01-24 15:38:58 +0000  copying file ./Payload/Flag.app/GoogleSignIn.bundle/hi.lproj/GoogleSignIn.strings ... 
2023-01-24 15:38:58 +0000  2286 bytes for ./Payload/Flag.app/GoogleSignIn.bundle/hi.lproj/GoogleSignIn.strings
2023-01-24 15:38:58 +0000  copying file ./Payload/Flag.app/GoogleSignIn.bundle/ca.lproj/GoogleSignIn.strings ... 
2023-01-24 15:38:58 +0000  1669 bytes for ./Payload/Flag.app/GoogleSignIn.bundle/ca.lproj/GoogleSignIn.strings
2023-01-24 15:38:58 +0000  copying file ./Payload/Flag.app/Pretendard-Thin.ttf ... 
2023-01-24 15:38:58 +0000  2870652 bytes for ./Payload/Flag.app/Pretendard-Thin.ttf
2023-01-24 15:38:58 +0000  copying file ./Payload/Flag.app/Pretendard-ExtraLight.ttf ... 
2023-01-24 15:38:58 +0000  2842404 bytes for ./Payload/Flag.app/Pretendard-ExtraLight.ttf
2023-01-24 15:38:58 +0000  copying file ./Payload/Flag.app/Assets.car ... 
2023-01-24 15:38:58 +0000  456463 bytes for ./Payload/Flag.app/Assets.car
copying file ./Payload/Flag.app/Pretendard-SemiBold.ttf ... 
2023-01-24 15:38:58 +0000  2682940 bytes for ./Payload/Flag.app/Pretendard-SemiBold.ttf
2023-01-24 15:38:58 +0000  copying file ./Payload/Flag.app/main.jsbundle ... 
2023-01-24 15:38:58 +0000  2584408 bytes for ./Payload/Flag.app/main.jsbundle
2023-01-24 15:38:58 +0000  copying file ./Payload/Flag.app/Pretendard-ExtraBold.ttf ... 
2023-01-24 15:38:58 +0000  2678964 bytes for ./Payload/Flag.app/Pretendard-ExtraBold.ttf
2023-01-24 15:38:58 +0000  copying file ./Payload/Flag.app/Pretendard-Bold.ttf ... 
2023-01-24 15:38:58 +0000  2673340 bytes for ./Payload/Flag.app/Pretendard-Bold.ttf
2023-01-24 15:38:58 +0000  copying file ./Payload/Flag.app/LaunchScreen.storyboardc/01J-lp-oVM-view-Ze5-6b-2t3.nib ... 
2023-01-24 15:38:58 +0000  2089 bytes for ./Payload/Flag.app/LaunchScreen.storyboardc/01J-lp-oVM-view-Ze5-6b-2t3.nib
copying file ./Payload/Flag.app/LaunchScreen.storyboardc/UIViewController-01J-lp-oVM.nib ... 
2023-01-24 15:38:58 +0000  896 bytes for ./Payload/Flag.app/LaunchScreen.storyboardc/UIViewController-01J-lp-oVM.nib
copying file ./Payload/Flag.app/LaunchScreen.storyboardc/Info.plist ... 
2023-01-24 15:38:58 +0000  258 bytes for ./Payload/Flag.app/LaunchScreen.storyboardc/Info.plist
2023-01-24 15:38:58 +0000  copying file ./Payload/Flag.app/Frameworks/hermes.framework/_CodeSignature/CodeResources ... 
2023-01-24 15:38:58 +0000  1798 bytes for ./Payload/Flag.app/Frameworks/hermes.framework/_CodeSignature/CodeResources
copying file ./Payload/Flag.app/Frameworks/hermes.framework/hermes ... 
2023-01-24 15:38:58 +0000  3119536 bytes for ./Payload/Flag.app/Frameworks/hermes.framework/hermes
2023-01-24 15:38:58 +0000  copying file ./Payload/Flag.app/Frameworks/hermes.framework/Info.plist ... 
868 bytes for ./Payload/Flag.app/Frameworks/hermes.framework/Info.plist
copying file ./Payload/Flag.app/Pretendard-Light.ttf ... 
2023-01-24 15:38:58 +0000  2817428 bytes for ./Payload/Flag.app/Pretendard-Light.ttf
2023-01-24 15:38:58 +0000  copying file ./Payload/Flag.app/embedded.mobileprovision ... 
2023-01-24 15:38:58 +0000  16678 bytes for ./Payload/Flag.app/embedded.mobileprovision
2023-01-24 15:38:58 +0000  copying file ./Payload/Flag.app/assets/node_modules/@react-navigation/elements/src/assets/back-icon@3x.png ... 
2023-01-24 15:38:58 +0000  761 bytes for ./Payload/Flag.app/assets/node_modules/@react-navigation/elements/src/assets/back-icon@3x.png
copying file ./Payload/Flag.app/assets/node_modules/@react-navigation/elements/src/assets/back-icon@2x.png ... 
2023-01-24 15:38:58 +0000  405 bytes for ./Payload/Flag.app/assets/node_modules/@react-navigation/elements/src/assets/back-icon@2x.png
2023-01-24 15:38:58 +0000  copying file ./Payload/Flag.app/assets/node_modules/@react-navigation/elements/src/assets/back-icon.png ... 
290 bytes for ./Payload/Flag.app/assets/node_modules/@react-navigation/elements/src/assets/back-icon.png
copying file ./Payload/Flag.app/assets/node_modules/@react-navigation/elements/src/assets/back-icon-mask.png ... 
2023-01-24 15:38:58 +0000  913 bytes for ./Payload/Flag.app/assets/node_modules/@react-navigation/elements/src/assets/back-icon-mask.png
2023-01-24 15:38:58 +0000  copying file ./Payload/Flag.app/assets/node_modules/@react-navigation/native-stack/node_modules/@react-navigation/elements/src/assets/back-icon@3x.png ... 
2023-01-24 15:38:58 +0000  761 bytes for ./Payload/Flag.app/assets/node_modules/@react-navigation/native-stack/node_modules/@react-navigation/elements/src/assets/back-icon@3x.png
2023-01-24 15:38:58 +0000  copying file ./Payload/Flag.app/assets/node_modules/@react-navigation/native-stack/node_modules/@react-navigation/elements/src/assets/back-icon@2x.png ... 
2023-01-24 15:38:58 +0000  405 bytes for ./Payload/Flag.app/assets/node_modules/@react-navigation/native-stack/node_modules/@react-navigation/elements/src/assets/back-icon@2x.png
2023-01-24 15:38:58 +0000  copying file ./Payload/Flag.app/assets/node_modules/@react-navigation/native-stack/node_modules/@react-navigation/elements/src/assets/back-icon.png ... 
2023-01-24 15:38:58 +0000  290 bytes for ./Payload/Flag.app/assets/node_modules/@react-navigation/native-stack/node_modules/@react-navigation/elements/src/assets/back-icon.png
2023-01-24 15:38:58 +0000  copying file ./Payload/Flag.app/assets/node_modules/@react-navigation/native-stack/node_modules/@react-navigation/elements/src/assets/back-icon-mask.png ... 
2023-01-24 15:38:58 +0000  913 bytes for ./Payload/Flag.app/assets/node_modules/@react-navigation/native-stack/node_modules/@react-navigation/elements/src/assets/back-icon-mask.png
2023-01-24 15:38:58 +0000  copying file ./Payload/Flag.app/assets/node_modules/react-native-calendars/src/calendar/img/previous@2x.png ... 
2023-01-24 15:38:58 +0000  458 bytes for ./Payload/Flag.app/assets/node_modules/react-native-calendars/src/calendar/img/previous@2x.png
2023-01-24 15:38:58 +0000  copying file ./Payload/Flag.app/assets/node_modules/react-native-calendars/src/calendar/img/next@2x.png ... 
2023-01-24 15:38:58 +0000  462 bytes for ./Payload/Flag.app/assets/node_modules/react-native-calendars/src/calendar/img/next@2x.png
2023-01-24 15:38:58 +0000  copying file ./Payload/Flag.app/assets/node_modules/react-native-calendars/src/img/down@3x.png ... 
2023-01-24 15:38:58 +0000  508 bytes for ./Payload/Flag.app/assets/node_modules/react-native-calendars/src/img/down@3x.png
2023-01-24 15:38:58 +0000  copying file ./Payload/Flag.app/assets/node_modules/react-native-calendars/src/img/down@2x.png ... 
2023-01-24 15:38:58 +0000  354 bytes for ./Payload/Flag.app/assets/node_modules/react-native-calendars/src/img/down@2x.png
2023-01-24 15:38:58 +0000  copying file ./Payload/Flag.app/assets/node_modules/react-native-calendars/src/img/up.png ... 
2023-01-24 15:38:58 +0000  215 bytes for ./Payload/Flag.app/assets/node_modules/react-native-calendars/src/img/up.png
2023-01-24 15:38:58 +0000  copying file ./Payload/Flag.app/assets/node_modules/react-native-calendars/src/img/down.png ... 
2023-01-24 15:38:58 +0000  208 bytes for ./Payload/Flag.app/assets/node_modules/react-native-calendars/src/img/down.png
2023-01-24 15:38:58 +0000  copying file ./Payload/Flag.app/assets/node_modules/react-native-calendars/src/img/up@2x.png ... 
2023-01-24 15:38:58 +0000  347 bytes for ./Payload/Flag.app/assets/node_modules/react-native-calendars/src/img/up@2x.png
2023-01-24 15:38:58 +0000  copying file ./Payload/Flag.app/assets/node_modules/react-native-calendars/src/img/up@3x.png ... 
2023-01-24 15:38:58 +0000  504 bytes for ./Payload/Flag.app/assets/node_modules/react-native-calendars/src/img/up@3x.png
2023-01-24 15:38:58 +0000  copying file ./Payload/Flag.app/assets/src/img/icn-communication.png ... 
2023-01-24 15:38:58 +0000  4889 bytes for ./Payload/Flag.app/assets/src/img/icn-communication.png
2023-01-24 15:38:58 +0000  copying file ./Payload/Flag.app/assets/src/img/icn-burning.png ... 
2023-01-24 15:38:58 +0000  4007 bytes for ./Payload/Flag.app/assets/src/img/icn-burning.png
2023-01-24 15:38:58 +0000  copying file ./Payload/Flag.app/assets/src/img/icn-best.png ... 
2023-01-24 15:38:58 +0000  4261 bytes for ./Payload/Flag.app/assets/src/img/icn-best.png
2023-01-24 15:38:58 +0000  copying file ./Payload/Flag.app/assets/src/img/congratulation.png ... 
2023-01-24 15:38:58 +0000  43003 bytes for ./Payload/Flag.app/assets/src/img/congratulation.png
2023-01-24 15:38:58 +0000  copying file ./Payload/Flag.app/assets/src/img/icn-idea.png ... 
2023-01-24 15:38:58 +0000  4700 bytes for ./Payload/Flag.app/assets/src/img/icn-idea.png
2023-01-24 15:38:58 +0000  copying file ./Payload/Flag.app/assets/src/img/icn-logo-col.png ... 
2023-01-24 15:38:58 +0000  20693 bytes for ./Payload/Flag.app/assets/src/img/icn-logo-col.png
2023-01-24 15:38:58 +0000  copying file ./Payload/Flag.app/assets/src/img/feedback.png ... 
2023-01-24 15:38:58 +0000  20937 bytes for ./Payload/Flag.app/assets/src/img/feedback.png
2023-01-24 15:38:58 +0000  copying file ./Payload/Flag.app/assets/src/img/icn-logo-row.png ... 
2023-01-24 15:38:58 +0000  6283 bytes for ./Payload/Flag.app/assets/src/img/icn-logo-row.png
2023-01-24 15:38:58 +0000  copying file ./Payload/Flag.app/Info.plist ... 
2023-01-24 15:38:58 +0000  1903 bytes for ./Payload/Flag.app/Info.plist
2023-01-24 15:38:58 +0000  copying file ./Payload/Flag.app/PkgInfo ... 
2023-01-24 15:38:58 +0000  8 bytes for ./Payload/Flag.app/PkgInfo
2023-01-24 15:38:58 +0000  copying file ./Symbols/E6FEDE88-D7E6-34E6-9E94-345C0041A372.symbols ... 
2023-01-24 15:38:59 +0000  12620948 bytes for ./Symbols/E6FEDE88-D7E6-34E6-9E94-345C0041A372.symbols
2023-01-24 15:38:59 +0000  copying file ./Symbols/B9DBADD2-E335-38D6-AF82-56DEA907C946.symbols ... 
2023-01-24 15:38:59 +0000  271028 bytes for ./Symbols/B9DBADD2-E335-38D6-AF82-56DEA907C946.symbols
2023-01-24 15:38:59 +0000  /usr/bin/ditto exited with 0
2023-01-24 15:38:59 +0000  Processing step: IDEDistributionAppStoreInformationStep
2023-01-24 15:38:59 +0000  Skipping step: IDEDistributionAppStoreInformationStep because it said so
2023-01-24 15:38:59 +0000  Processing step: IDEDistributionGenerateProcessedDistributionItems
2023-01-24 15:38:59 +0000  IDEDistributionItem init <DVTFilePath:0x60006fa8f4f0:'/var/folders/63/c337pg8x1dq7tc5vk29wbcmc0000gn/T/XcodeDistPipeline.~~~Ogc4zp/Root/Payload/Flag.app/Frameworks/hermes.framework'>
2023-01-24 15:38:59 +0000  IDEDistributionItem init <DVTFilePath:0x60002ba4e920:'/var/folders/63/c337pg8x1dq7tc5vk29wbcmc0000gn/T/XcodeDistPipeline.~~~Ogc4zp/Root/Payload/Flag.app'>
2023-01-24 15:38:59 +0000  Processing step: IDEDistributionCreateManifestStep
2023-01-24 15:38:59 +0000  Skipping step: IDEDistributionCreateManifestStep because it said so
